<?xml version="1.0" encoding="UTF-8"?>
<!-- Generated by org.testng.reporters.JUnitXMLReporter -->
<testsuite ignored="0" hostname="DESKTOP-ISU1B19" failures="0" tests="3" name="Users API Tests" time="8.03" errors="0" timestamp="2024-12-05T02:40:53 IST">
  <testcase classname="tests.UserTests" name="createUser" time="5.385"/>
  <testcase classname="tests.UserTests" name="getAllUsers" time="0.641"/>
  <testcase classname="tests.UserTests" name="getUserById" time="0.683"/>
</testsuite> <!-- Users API Tests -->
