<?xml version="1.0" encoding="UTF-8"?>
<!-- Generated by org.testng.reporters.JUnitXMLReporter -->
<testsuite ignored="0" hostname="DESKTOP-ISU1B19" failures="0" tests="7" name="Default test" time="10.169" errors="0" timestamp="2024-12-06T21:08:09 IST">
  <testcase classname="tests.UserTests" name="createUser" time="4.53"/>
  <testcase classname="tests.UserTests" name="createUserWithDataProvider" time="0.789"/>
  <testcase classname="tests.UserTests" name="createUserWithDataProvider" time="0.773"/>
  <testcase classname="tests.UserTests" name="deleteUser" time="1.163"/>
  <testcase classname="tests.UserTests" name="getAllUsers" time="0.559"/>
  <testcase classname="tests.UserTests" name="getUserById" time="0.607"/>
  <testcase classname="tests.UserTests" name="updateUser" time="0.781"/>
</testsuite> <!-- Default test -->
