<?xml version="1.0" encoding="UTF-8"?>
<testng-results ignored="0" total="7" passed="7" failed="0" skipped="0">
  <reporter-output>
  </reporter-output>
  <suite started-at="2024-12-06T21:07:59 IST" name="Default suite" finished-at="2024-12-06T21:08:09 IST" duration-ms="10169">
    <groups>
    </groups>
    <test started-at="2024-12-06T21:07:59 IST" name="Default test" finished-at="2024-12-06T21:08:09 IST" duration-ms="10169">
      <class name="tests.UserTests">
        <test-method is-config="true" signature="setup()[pri:0, instance:tests.UserTests@65f095f8]" started-at="2024-12-06T21:07:59 IST" name="setup" finished-at="2024-12-06T21:08:00 IST" duration-ms="864" status="PASS">
          <reporter-output>
          </reporter-output>
        </test-method> <!-- setup -->
        <test-method signature="createUser()[pri:0, instance:tests.UserTests@65f095f8]" started-at="2024-12-06T21:08:00 IST" name="createUser" finished-at="2024-12-06T21:08:05 IST" duration-ms="4530" status="PASS">
          <reporter-output>
          </reporter-output>
        </test-method> <!-- createUser -->
        <test-method signature="createUserWithDataProvider(java.lang.String, java.lang.String, java.lang.String)[pri:0, instance:tests.UserTests@65f095f8]" started-at="2024-12-06T21:08:05 IST" name="createUserWithDataProvider" data-provider="userDataProvider" finished-at="2024-12-06T21:08:05 IST" duration-ms="789" status="PASS">
          <params>
            <param index="0">
              <value>
                <![CDATA[Nimish]]>
              </value>
            </param>
            <param index="1">
              <value>
                <![CDATA[Singh]]>
              </value>
            </param>
            <param index="2">
              <value>
                <![CDATA[Nimish@example.com]]>
              </value>
            </param>
          </params>
          <reporter-output>
          </reporter-output>
        </test-method> <!-- createUserWithDataProvider -->
        <test-method signature="createUserWithDataProvider(java.lang.String, java.lang.String, java.lang.String)[pri:0, instance:tests.UserTests@65f095f8]" started-at="2024-12-06T21:08:05 IST" name="createUserWithDataProvider" data-provider="userDataProvider" finished-at="2024-12-06T21:08:06 IST" duration-ms="773" status="PASS">
          <params>
            <param index="0">
              <value>
                <![CDATA[Vaibhav]]>
              </value>
            </param>
            <param index="1">
              <value>
                <![CDATA[Vaibhav]]>
              </value>
            </param>
            <param index="2">
              <value>
                <![CDATA[Vaibhav@example.com]]>
              </value>
            </param>
          </params>
          <reporter-output>
          </reporter-output>
        </test-method> <!-- createUserWithDataProvider -->
        <test-method signature="deleteUser()[pri:0, instance:tests.UserTests@65f095f8]" started-at="2024-12-06T21:08:06 IST" name="deleteUser" finished-at="2024-12-06T21:08:07 IST" duration-ms="1163" status="PASS">
          <reporter-output>
          </reporter-output>
        </test-method> <!-- deleteUser -->
        <test-method signature="getAllUsers()[pri:0, instance:tests.UserTests@65f095f8]" started-at="2024-12-06T21:08:07 IST" name="getAllUsers" finished-at="2024-12-06T21:08:08 IST" duration-ms="559" status="PASS">
          <reporter-output>
          </reporter-output>
        </test-method> <!-- getAllUsers -->
        <test-method signature="getUserById()[pri:0, instance:tests.UserTests@65f095f8]" started-at="2024-12-06T21:08:08 IST" name="getUserById" finished-at="2024-12-06T21:08:08 IST" duration-ms="607" status="PASS">
          <reporter-output>
          </reporter-output>
        </test-method> <!-- getUserById -->
        <test-method signature="updateUser()[pri:0, instance:tests.UserTests@65f095f8]" started-at="2024-12-06T21:08:08 IST" name="updateUser" finished-at="2024-12-06T21:08:09 IST" duration-ms="781" status="PASS">
          <reporter-output>
          </reporter-output>
        </test-method> <!-- updateUser -->
      </class> <!-- tests.UserTests -->
    </test> <!-- Default test -->
  </suite> <!-- Default suite -->
</testng-results>
